[2023-05-18T09:13:46.352+0000] {manager.py:483} INFO - Processing files using up to 1 processes at a time 
[2023-05-18T09:13:46.353+0000] {manager.py:484} INFO - Process each file at most once every 30 seconds
[2023-05-18T09:13:46.354+0000] {manager.py:485} INFO - Checking for new files in /workspaces/hands-on-introduction-data-engineering-4395021/airflow/dags every 300 seconds
[2023-05-18T09:13:46.354+0000] {manager.py:726} INFO - Searching for files in /workspaces/hands-on-introduction-data-engineering-4395021/airflow/dags
[2023-05-18T09:13:46.356+0000] {manager.py:729} INFO - There are 0 files in /workspaces/hands-on-introduction-data-engineering-4395021/airflow/dags
[2023-05-18T09:18:46.468+0000] {manager.py:726} INFO - Searching for files in /workspaces/hands-on-introduction-data-engineering-4395021/airflow/dags
[2023-05-18T09:18:46.469+0000] {manager.py:729} INFO - There are 0 files in /workspaces/hands-on-introduction-data-engineering-4395021/airflow/dags
[2023-05-18T09:23:46.638+0000] {manager.py:726} INFO - Searching for files in /workspaces/hands-on-introduction-data-engineering-4395021/airflow/dags
[2023-05-18T09:23:46.642+0000] {manager.py:729} INFO - There are 2 files in /workspaces/hands-on-introduction-data-engineering-4395021/airflow/dags
[2023-05-18T09:23:52.560+0000] {manager.py:854} INFO - 
================================================================================
DAG File Processing Stats

File Path                                                                                 PID    Runtime      # DAGs    # Errors  Last Runtime    Last Run
----------------------------------------------------------------------------------------  -----  ---------  --------  ----------  --------------  -------------------
/workspaces/hands-on-introduction-data-engineering-4395021/airflow/dags/one_task_dag.py                            1           0  0.61s           2023-05-18T09:23:47
/workspaces/hands-on-introduction-data-engineering-4395021/airflow/dags/two_task_dags.py                           1           0  0.41s           2023-05-18T09:23:48
================================================================================
[2023-05-18T09:24:23.150+0000] {manager.py:854} INFO - 
================================================================================
DAG File Processing Stats

File Path                                                                                 PID    Runtime      # DAGs    # Errors  Last Runtime    Last Run
----------------------------------------------------------------------------------------  -----  ---------  --------  ----------  --------------  -------------------
/workspaces/hands-on-introduction-data-engineering-4395021/airflow/dags/one_task_dag.py                            1           0  0.21s           2023-05-18T09:24:18
/workspaces/hands-on-introduction-data-engineering-4395021/airflow/dags/two_task_dags.py                           1           0  0.22s           2023-05-18T09:24:18
================================================================================
[2023-05-18T09:24:53.457+0000] {manager.py:854} INFO - 
================================================================================
DAG File Processing Stats

File Path                                                                                 PID    Runtime      # DAGs    # Errors  Last Runtime    Last Run
----------------------------------------------------------------------------------------  -----  ---------  --------  ----------  --------------  -------------------
/workspaces/hands-on-introduction-data-engineering-4395021/airflow/dags/one_task_dag.py                            1           0  0.21s           2023-05-18T09:24:48
/workspaces/hands-on-introduction-data-engineering-4395021/airflow/dags/two_task_dags.py                           1           0  0.21s           2023-05-18T09:24:49
================================================================================
[2023-05-18T09:25:23.760+0000] {manager.py:854} INFO - 
================================================================================
DAG File Processing Stats

File Path                                                                                 PID    Runtime      # DAGs    # Errors  Last Runtime    Last Run
----------------------------------------------------------------------------------------  -----  ---------  --------  ----------  --------------  -------------------
/workspaces/hands-on-introduction-data-engineering-4395021/airflow/dags/one_task_dag.py                            1           0  0.21s           2023-05-18T09:25:19
/workspaces/hands-on-introduction-data-engineering-4395021/airflow/dags/two_task_dags.py                           1           0  0.21s           2023-05-18T09:25:19
================================================================================
[2023-05-18T09:25:54.206+0000] {manager.py:854} INFO - 
================================================================================
DAG File Processing Stats

File Path                                                                                 PID    Runtime      # DAGs    # Errors  Last Runtime    Last Run
----------------------------------------------------------------------------------------  -----  ---------  --------  ----------  --------------  -------------------
/workspaces/hands-on-introduction-data-engineering-4395021/airflow/dags/one_task_dag.py                            1           0  0.21s           2023-05-18T09:25:49
/workspaces/hands-on-introduction-data-engineering-4395021/airflow/dags/two_task_dags.py                           1           0  0.21s           2023-05-18T09:25:49
================================================================================
[2023-05-18T09:26:31.121+0000] {manager.py:854} INFO - 
================================================================================
DAG File Processing Stats

File Path                                                                                 PID    Runtime      # DAGs    # Errors  Last Runtime    Last Run
----------------------------------------------------------------------------------------  -----  ---------  --------  ----------  --------------  -------------------
/workspaces/hands-on-introduction-data-engineering-4395021/airflow/dags/one_task_dag.py                            1           0  0.21s           2023-05-18T09:26:23
/workspaces/hands-on-introduction-data-engineering-4395021/airflow/dags/two_task_dags.py                           1           0  0.21s           2023-05-18T09:26:31
================================================================================
[2023-05-18T09:27:01.494+0000] {manager.py:854} INFO - 
================================================================================
DAG File Processing Stats

File Path                                                                                 PID    Runtime      # DAGs    # Errors  Last Runtime    Last Run
----------------------------------------------------------------------------------------  -----  ---------  --------  ----------  --------------  -------------------
/workspaces/hands-on-introduction-data-engineering-4395021/airflow/dags/one_task_dag.py                            1           0  0.21s           2023-05-18T09:26:53
/workspaces/hands-on-introduction-data-engineering-4395021/airflow/dags/two_task_dags.py                           1           0  0.21s           2023-05-18T09:27:01
================================================================================
[2023-05-18T09:27:32.147+0000] {manager.py:854} INFO - 
================================================================================
DAG File Processing Stats

File Path                                                                                 PID    Runtime      # DAGs    # Errors  Last Runtime    Last Run
----------------------------------------------------------------------------------------  -----  ---------  --------  ----------  --------------  -------------------
/workspaces/hands-on-introduction-data-engineering-4395021/airflow/dags/one_task_dag.py                            1           0  0.21s           2023-05-18T09:27:23
/workspaces/hands-on-introduction-data-engineering-4395021/airflow/dags/two_task_dags.py                           1           0  0.21s           2023-05-18T09:27:32
================================================================================
[2023-05-18T09:28:02.792+0000] {manager.py:854} INFO - 
================================================================================
DAG File Processing Stats

File Path                                                                                 PID    Runtime      # DAGs    # Errors  Last Runtime    Last Run
----------------------------------------------------------------------------------------  -----  ---------  --------  ----------  --------------  -------------------
/workspaces/hands-on-introduction-data-engineering-4395021/airflow/dags/one_task_dag.py                            1           0  0.21s           2023-05-18T09:27:54
/workspaces/hands-on-introduction-data-engineering-4395021/airflow/dags/two_task_dags.py                           1           0  0.21s           2023-05-18T09:28:02
================================================================================
[2023-05-18T09:28:33.435+0000] {manager.py:854} INFO - 
================================================================================
DAG File Processing Stats

File Path                                                                                 PID    Runtime      # DAGs    # Errors  Last Runtime    Last Run
----------------------------------------------------------------------------------------  -----  ---------  --------  ----------  --------------  -------------------
/workspaces/hands-on-introduction-data-engineering-4395021/airflow/dags/one_task_dag.py                            1           0  0.21s           2023-05-18T09:28:24
/workspaces/hands-on-introduction-data-engineering-4395021/airflow/dags/two_task_dags.py                           1           0  0.21s           2023-05-18T09:28:33
================================================================================
[2023-05-18T09:28:46.655+0000] {manager.py:726} INFO - Searching for files in /workspaces/hands-on-introduction-data-engineering-4395021/airflow/dags
[2023-05-18T09:28:46.657+0000] {manager.py:729} INFO - There are 2 files in /workspaces/hands-on-introduction-data-engineering-4395021/airflow/dags
[2023-05-18T09:29:04.045+0000] {manager.py:854} INFO - 
================================================================================
DAG File Processing Stats

File Path                                                                                 PID    Runtime      # DAGs    # Errors  Last Runtime    Last Run
----------------------------------------------------------------------------------------  -----  ---------  --------  ----------  --------------  -------------------
/workspaces/hands-on-introduction-data-engineering-4395021/airflow/dags/one_task_dag.py                            1           0  0.21s           2023-05-18T09:28:54
/workspaces/hands-on-introduction-data-engineering-4395021/airflow/dags/two_task_dags.py                           1           0  0.21s           2023-05-18T09:29:04
================================================================================
[2023-05-18T09:29:34.664+0000] {manager.py:854} INFO - 
================================================================================
DAG File Processing Stats

File Path                                                                                 PID    Runtime      # DAGs    # Errors  Last Runtime    Last Run
----------------------------------------------------------------------------------------  -----  ---------  --------  ----------  --------------  -------------------
/workspaces/hands-on-introduction-data-engineering-4395021/airflow/dags/one_task_dag.py                            1           0  0.21s           2023-05-18T09:29:25
/workspaces/hands-on-introduction-data-engineering-4395021/airflow/dags/two_task_dags.py                           1           0  0.21s           2023-05-18T09:29:34
================================================================================
[2023-05-18T09:30:05.294+0000] {manager.py:854} INFO - 
================================================================================
DAG File Processing Stats

File Path                                                                                 PID    Runtime      # DAGs    # Errors  Last Runtime    Last Run
----------------------------------------------------------------------------------------  -----  ---------  --------  ----------  --------------  -------------------
/workspaces/hands-on-introduction-data-engineering-4395021/airflow/dags/one_task_dag.py                            1           0  0.21s           2023-05-18T09:29:55
/workspaces/hands-on-introduction-data-engineering-4395021/airflow/dags/two_task_dags.py                           1           0  0.21s           2023-05-18T09:30:05
================================================================================
[2023-05-18T09:30:36.046+0000] {manager.py:854} INFO - 
================================================================================
DAG File Processing Stats

File Path                                                                                 PID    Runtime      # DAGs    # Errors  Last Runtime    Last Run
----------------------------------------------------------------------------------------  -----  ---------  --------  ----------  --------------  -------------------
/workspaces/hands-on-introduction-data-engineering-4395021/airflow/dags/one_task_dag.py                            1           0  0.21s           2023-05-18T09:30:25
/workspaces/hands-on-introduction-data-engineering-4395021/airflow/dags/two_task_dags.py                           1           0  0.21s           2023-05-18T09:30:36
================================================================================
[2023-05-18T09:31:06.629+0000] {manager.py:854} INFO - 
================================================================================
DAG File Processing Stats

File Path                                                                                 PID    Runtime      # DAGs    # Errors  Last Runtime    Last Run
----------------------------------------------------------------------------------------  -----  ---------  --------  ----------  --------------  -------------------
/workspaces/hands-on-introduction-data-engineering-4395021/airflow/dags/one_task_dag.py                            1           0  0.21s           2023-05-18T09:30:56
/workspaces/hands-on-introduction-data-engineering-4395021/airflow/dags/two_task_dags.py                           1           0  0.21s           2023-05-18T09:31:06
================================================================================
[2023-05-18T09:31:37.222+0000] {manager.py:854} INFO - 
================================================================================
DAG File Processing Stats

File Path                                                                                 PID    Runtime      # DAGs    # Errors  Last Runtime    Last Run
----------------------------------------------------------------------------------------  -----  ---------  --------  ----------  --------------  -------------------
/workspaces/hands-on-introduction-data-engineering-4395021/airflow/dags/one_task_dag.py                            1           0  0.21s           2023-05-18T09:31:26
/workspaces/hands-on-introduction-data-engineering-4395021/airflow/dags/two_task_dags.py                           1           0  0.21s           2023-05-18T09:31:37
================================================================================
[2023-05-18T09:32:07.806+0000] {manager.py:854} INFO - 
================================================================================
DAG File Processing Stats

File Path                                                                                 PID    Runtime      # DAGs    # Errors  Last Runtime    Last Run
----------------------------------------------------------------------------------------  -----  ---------  --------  ----------  --------------  -------------------
/workspaces/hands-on-introduction-data-engineering-4395021/airflow/dags/one_task_dag.py                            1           0  0.21s           2023-05-18T09:31:57
/workspaces/hands-on-introduction-data-engineering-4395021/airflow/dags/two_task_dags.py                           1           0  0.21s           2023-05-18T09:32:07
================================================================================
[2023-05-18T09:32:38.400+0000] {manager.py:854} INFO - 
================================================================================
DAG File Processing Stats

File Path                                                                                 PID    Runtime      # DAGs    # Errors  Last Runtime    Last Run
----------------------------------------------------------------------------------------  -----  ---------  --------  ----------  --------------  -------------------
/workspaces/hands-on-introduction-data-engineering-4395021/airflow/dags/one_task_dag.py                            1           0  0.21s           2023-05-18T09:32:28
/workspaces/hands-on-introduction-data-engineering-4395021/airflow/dags/two_task_dags.py                           1           0  0.21s           2023-05-18T09:32:38
================================================================================
[2023-05-18T09:33:09.026+0000] {manager.py:854} INFO - 
================================================================================
DAG File Processing Stats

File Path                                                                                 PID    Runtime      # DAGs    # Errors  Last Runtime    Last Run
----------------------------------------------------------------------------------------  -----  ---------  --------  ----------  --------------  -------------------
/workspaces/hands-on-introduction-data-engineering-4395021/airflow/dags/one_task_dag.py                            1           0  0.21s           2023-05-18T09:32:58
/workspaces/hands-on-introduction-data-engineering-4395021/airflow/dags/two_task_dags.py                           1           0  0.21s           2023-05-18T09:33:09
================================================================================
[2023-05-18T09:33:39.340+0000] {manager.py:854} INFO - 
================================================================================
DAG File Processing Stats

File Path                                                                                 PID    Runtime      # DAGs    # Errors  Last Runtime    Last Run
----------------------------------------------------------------------------------------  -----  ---------  --------  ----------  --------------  -------------------
/workspaces/hands-on-introduction-data-engineering-4395021/airflow/dags/one_task_dag.py                            1           0  0.21s           2023-05-18T09:33:29
/workspaces/hands-on-introduction-data-engineering-4395021/airflow/dags/two_task_dags.py                           1           0  0.21s           2023-05-18T09:33:39
================================================================================
[2023-05-18T09:33:47.600+0000] {manager.py:726} INFO - Searching for files in /workspaces/hands-on-introduction-data-engineering-4395021/airflow/dags
[2023-05-18T09:33:47.602+0000] {manager.py:729} INFO - There are 2 files in /workspaces/hands-on-introduction-data-engineering-4395021/airflow/dags
[2023-05-18T09:34:09.612+0000] {manager.py:854} INFO - 
================================================================================
DAG File Processing Stats

File Path                                                                                 PID    Runtime      # DAGs    # Errors  Last Runtime    Last Run
----------------------------------------------------------------------------------------  -----  ---------  --------  ----------  --------------  -------------------
/workspaces/hands-on-introduction-data-engineering-4395021/airflow/dags/one_task_dag.py                            1           0  0.21s           2023-05-18T09:33:59
/workspaces/hands-on-introduction-data-engineering-4395021/airflow/dags/two_task_dags.py                           1           0  0.21s           2023-05-18T09:34:09
================================================================================
[2023-05-18T09:34:39.885+0000] {manager.py:854} INFO - 
================================================================================
DAG File Processing Stats

File Path                                                                                 PID    Runtime      # DAGs    # Errors  Last Runtime    Last Run
----------------------------------------------------------------------------------------  -----  ---------  --------  ----------  --------------  -------------------
/workspaces/hands-on-introduction-data-engineering-4395021/airflow/dags/one_task_dag.py                            1           0  0.21s           2023-05-18T09:34:29
/workspaces/hands-on-introduction-data-engineering-4395021/airflow/dags/two_task_dags.py                           1           0  0.21s           2023-05-18T09:34:39
================================================================================
[2023-05-18T09:35:10.138+0000] {manager.py:854} INFO - 
================================================================================
DAG File Processing Stats

File Path                                                                                 PID    Runtime      # DAGs    # Errors  Last Runtime    Last Run
----------------------------------------------------------------------------------------  -----  ---------  --------  ----------  --------------  -------------------
/workspaces/hands-on-introduction-data-engineering-4395021/airflow/dags/one_task_dag.py                            1           0  0.21s           2023-05-18T09:35:00
/workspaces/hands-on-introduction-data-engineering-4395021/airflow/dags/two_task_dags.py                           1           0  0.21s           2023-05-18T09:35:10
================================================================================
[2023-05-18T09:35:40.498+0000] {manager.py:854} INFO - 
================================================================================
DAG File Processing Stats

File Path                                                                                 PID    Runtime      # DAGs    # Errors  Last Runtime    Last Run
----------------------------------------------------------------------------------------  -----  ---------  --------  ----------  --------------  -------------------
/workspaces/hands-on-introduction-data-engineering-4395021/airflow/dags/one_task_dag.py                            1           0  0.21s           2023-05-18T09:35:30
/workspaces/hands-on-introduction-data-engineering-4395021/airflow/dags/two_task_dags.py                           1           0  0.21s           2023-05-18T09:35:40
================================================================================
[2023-05-18T09:36:10.780+0000] {manager.py:854} INFO - 
================================================================================
DAG File Processing Stats

File Path                                                                                 PID    Runtime      # DAGs    # Errors  Last Runtime    Last Run
----------------------------------------------------------------------------------------  -----  ---------  --------  ----------  --------------  -------------------
/workspaces/hands-on-introduction-data-engineering-4395021/airflow/dags/one_task_dag.py                            1           0  0.21s           2023-05-18T09:36:00
/workspaces/hands-on-introduction-data-engineering-4395021/airflow/dags/two_task_dags.py                           1           0  0.21s           2023-05-18T09:36:10
================================================================================
[2023-05-18T09:36:41.052+0000] {manager.py:854} INFO - 
================================================================================
DAG File Processing Stats

File Path                                                                                 PID    Runtime      # DAGs    # Errors  Last Runtime    Last Run
----------------------------------------------------------------------------------------  -----  ---------  --------  ----------  --------------  -------------------
/workspaces/hands-on-introduction-data-engineering-4395021/airflow/dags/one_task_dag.py                            1           0  0.21s           2023-05-18T09:36:31
/workspaces/hands-on-introduction-data-engineering-4395021/airflow/dags/two_task_dags.py                           1           0  0.21s           2023-05-18T09:36:41
================================================================================
[2023-05-18T09:37:11.328+0000] {manager.py:854} INFO - 
================================================================================
DAG File Processing Stats

File Path                                                                                 PID    Runtime      # DAGs    # Errors  Last Runtime    Last Run
----------------------------------------------------------------------------------------  -----  ---------  --------  ----------  --------------  -------------------
/workspaces/hands-on-introduction-data-engineering-4395021/airflow/dags/one_task_dag.py                            1           0  0.21s           2023-05-18T09:37:01
/workspaces/hands-on-introduction-data-engineering-4395021/airflow/dags/two_task_dags.py                           1           0  0.21s           2023-05-18T09:37:11
================================================================================
[2023-05-18T09:37:41.600+0000] {manager.py:854} INFO - 
================================================================================
DAG File Processing Stats

File Path                                                                                 PID    Runtime      # DAGs    # Errors  Last Runtime    Last Run
----------------------------------------------------------------------------------------  -----  ---------  --------  ----------  --------------  -------------------
/workspaces/hands-on-introduction-data-engineering-4395021/airflow/dags/one_task_dag.py                            1           0  0.21s           2023-05-18T09:37:31
/workspaces/hands-on-introduction-data-engineering-4395021/airflow/dags/two_task_dags.py                           1           0  0.21s           2023-05-18T09:37:41
================================================================================
[2023-05-18T09:38:11.874+0000] {manager.py:854} INFO - 
================================================================================
DAG File Processing Stats

File Path                                                                                 PID    Runtime      # DAGs    # Errors  Last Runtime    Last Run
----------------------------------------------------------------------------------------  -----  ---------  --------  ----------  --------------  -------------------
/workspaces/hands-on-introduction-data-engineering-4395021/airflow/dags/one_task_dag.py                            1           0  0.21s           2023-05-18T09:38:02
/workspaces/hands-on-introduction-data-engineering-4395021/airflow/dags/two_task_dags.py                           1           0  0.21s           2023-05-18T09:38:11
================================================================================
[2023-05-18T09:38:42.149+0000] {manager.py:854} INFO - 
================================================================================
DAG File Processing Stats

File Path                                                                                 PID    Runtime      # DAGs    # Errors  Last Runtime    Last Run
----------------------------------------------------------------------------------------  -----  ---------  --------  ----------  --------------  -------------------
/workspaces/hands-on-introduction-data-engineering-4395021/airflow/dags/one_task_dag.py                            1           0  0.21s           2023-05-18T09:38:32
/workspaces/hands-on-introduction-data-engineering-4395021/airflow/dags/two_task_dags.py                           1           0  0.21s           2023-05-18T09:38:42
================================================================================
[2023-05-18T09:38:47.648+0000] {manager.py:726} INFO - Searching for files in /workspaces/hands-on-introduction-data-engineering-4395021/airflow/dags
[2023-05-18T09:38:47.650+0000] {manager.py:729} INFO - There are 2 files in /workspaces/hands-on-introduction-data-engineering-4395021/airflow/dags
[2023-05-18T09:39:12.426+0000] {manager.py:854} INFO - 
================================================================================
DAG File Processing Stats

File Path                                                                                 PID    Runtime      # DAGs    # Errors  Last Runtime    Last Run
----------------------------------------------------------------------------------------  -----  ---------  --------  ----------  --------------  -------------------
/workspaces/hands-on-introduction-data-engineering-4395021/airflow/dags/one_task_dag.py                            1           0  0.21s           2023-05-18T09:39:02
/workspaces/hands-on-introduction-data-engineering-4395021/airflow/dags/two_task_dags.py                           1           0  0.21s           2023-05-18T09:39:12
================================================================================
[2023-05-18T09:39:42.701+0000] {manager.py:854} INFO - 
================================================================================
DAG File Processing Stats

File Path                                                                                 PID    Runtime      # DAGs    # Errors  Last Runtime    Last Run
----------------------------------------------------------------------------------------  -----  ---------  --------  ----------  --------------  -------------------
/workspaces/hands-on-introduction-data-engineering-4395021/airflow/dags/one_task_dag.py                            1           0  0.21s           2023-05-18T09:39:33
/workspaces/hands-on-introduction-data-engineering-4395021/airflow/dags/two_task_dags.py                           1           0  0.21s           2023-05-18T09:39:42
================================================================================
[2023-05-18T09:40:13.072+0000] {manager.py:854} INFO - 
================================================================================
DAG File Processing Stats

File Path                                                                                 PID    Runtime      # DAGs    # Errors  Last Runtime    Last Run
----------------------------------------------------------------------------------------  -----  ---------  --------  ----------  --------------  -------------------
/workspaces/hands-on-introduction-data-engineering-4395021/airflow/dags/one_task_dag.py                            1           0  0.21s           2023-05-18T09:40:03
/workspaces/hands-on-introduction-data-engineering-4395021/airflow/dags/two_task_dags.py                           1           0  0.21s           2023-05-18T09:40:13
================================================================================
[2023-05-18T09:40:43.346+0000] {manager.py:854} INFO - 
================================================================================
DAG File Processing Stats

File Path                                                                                 PID    Runtime      # DAGs    # Errors  Last Runtime    Last Run
----------------------------------------------------------------------------------------  -----  ---------  --------  ----------  --------------  -------------------
/workspaces/hands-on-introduction-data-engineering-4395021/airflow/dags/one_task_dag.py                            1           0  0.20s           2023-05-18T09:40:33
/workspaces/hands-on-introduction-data-engineering-4395021/airflow/dags/two_task_dags.py                           1           0  0.21s           2023-05-18T09:40:43
================================================================================
[2023-05-18T09:41:13.648+0000] {manager.py:854} INFO - 
================================================================================
DAG File Processing Stats

File Path                                                                                 PID    Runtime      # DAGs    # Errors  Last Runtime    Last Run
----------------------------------------------------------------------------------------  -----  ---------  --------  ----------  --------------  -------------------
/workspaces/hands-on-introduction-data-engineering-4395021/airflow/dags/one_task_dag.py                            1           0  0.21s           2023-05-18T09:41:03
/workspaces/hands-on-introduction-data-engineering-4395021/airflow/dags/two_task_dags.py                           1           0  0.21s           2023-05-18T09:41:13
================================================================================
