[2023-05-18T09:23:48.035+0000] {processor.py:153} INFO - Started process (PID=13106) to work on /workspaces/hands-on-introduction-data-engineering-4395021/airflow/dags/two_task_dags.py
[2023-05-18T09:23:48.037+0000] {processor.py:743} INFO - Processing file /workspaces/hands-on-introduction-data-engineering-4395021/airflow/dags/two_task_dags.py for tasks to queue
[2023-05-18T09:23:48.038+0000] {logging_mixin.py:137} INFO - [2023-05-18T09:23:48.037+0000] {dagbag.py:538} INFO - Filling up the DagBag from /workspaces/hands-on-introduction-data-engineering-4395021/airflow/dags/two_task_dags.py
[2023-05-18T09:23:48.055+0000] {processor.py:753} INFO - DAG(s) dict_keys(['two_task_dag']) retrieved from /workspaces/hands-on-introduction-data-engineering-4395021/airflow/dags/two_task_dags.py
[2023-05-18T09:23:48.208+0000] {logging_mixin.py:137} INFO - [2023-05-18T09:23:48.207+0000] {manager.py:504} INFO - Created Permission View: can delete on DAG:two_task_dag
[2023-05-18T09:23:48.243+0000] {logging_mixin.py:137} INFO - [2023-05-18T09:23:48.243+0000] {manager.py:504} INFO - Created Permission View: can edit on DAG:two_task_dag
[2023-05-18T09:23:48.278+0000] {logging_mixin.py:137} INFO - [2023-05-18T09:23:48.278+0000] {manager.py:504} INFO - Created Permission View: can read on DAG:two_task_dag
[2023-05-18T09:23:48.278+0000] {logging_mixin.py:137} INFO - [2023-05-18T09:23:48.278+0000] {dag.py:2690} INFO - Sync 1 DAGs
[2023-05-18T09:23:48.288+0000] {logging_mixin.py:137} INFO - [2023-05-18T09:23:48.288+0000] {dag.py:2711} INFO - Creating ORM DAG for two_task_dag
[2023-05-18T09:23:48.298+0000] {logging_mixin.py:137} INFO - [2023-05-18T09:23:48.298+0000] {dag.py:3437} INFO - Setting next_dagrun for two_task_dag to None, run_after=None
[2023-05-18T09:23:48.344+0000] {processor.py:175} INFO - Processing /workspaces/hands-on-introduction-data-engineering-4395021/airflow/dags/two_task_dags.py took 0.312 seconds
[2023-05-18T09:24:18.527+0000] {processor.py:153} INFO - Started process (PID=13228) to work on /workspaces/hands-on-introduction-data-engineering-4395021/airflow/dags/two_task_dags.py
[2023-05-18T09:24:18.529+0000] {processor.py:743} INFO - Processing file /workspaces/hands-on-introduction-data-engineering-4395021/airflow/dags/two_task_dags.py for tasks to queue
[2023-05-18T09:24:18.531+0000] {logging_mixin.py:137} INFO - [2023-05-18T09:24:18.531+0000] {dagbag.py:538} INFO - Filling up the DagBag from /workspaces/hands-on-introduction-data-engineering-4395021/airflow/dags/two_task_dags.py
[2023-05-18T09:24:18.550+0000] {processor.py:753} INFO - DAG(s) dict_keys(['two_task_dag']) retrieved from /workspaces/hands-on-introduction-data-engineering-4395021/airflow/dags/two_task_dags.py
[2023-05-18T09:24:18.577+0000] {logging_mixin.py:137} INFO - [2023-05-18T09:24:18.576+0000] {dag.py:2690} INFO - Sync 1 DAGs
[2023-05-18T09:24:18.596+0000] {logging_mixin.py:137} INFO - [2023-05-18T09:24:18.596+0000] {dag.py:3437} INFO - Setting next_dagrun for two_task_dag to None, run_after=None
[2023-05-18T09:24:18.640+0000] {processor.py:175} INFO - Processing /workspaces/hands-on-introduction-data-engineering-4395021/airflow/dags/two_task_dags.py took 0.118 seconds
[2023-05-18T09:24:49.137+0000] {processor.py:153} INFO - Started process (PID=13348) to work on /workspaces/hands-on-introduction-data-engineering-4395021/airflow/dags/two_task_dags.py
[2023-05-18T09:24:49.138+0000] {processor.py:743} INFO - Processing file /workspaces/hands-on-introduction-data-engineering-4395021/airflow/dags/two_task_dags.py for tasks to queue
[2023-05-18T09:24:49.139+0000] {logging_mixin.py:137} INFO - [2023-05-18T09:24:49.139+0000] {dagbag.py:538} INFO - Filling up the DagBag from /workspaces/hands-on-introduction-data-engineering-4395021/airflow/dags/two_task_dags.py
[2023-05-18T09:24:49.155+0000] {processor.py:753} INFO - DAG(s) dict_keys(['two_task_dag']) retrieved from /workspaces/hands-on-introduction-data-engineering-4395021/airflow/dags/two_task_dags.py
[2023-05-18T09:24:49.173+0000] {logging_mixin.py:137} INFO - [2023-05-18T09:24:49.173+0000] {dag.py:2690} INFO - Sync 1 DAGs
[2023-05-18T09:24:49.193+0000] {logging_mixin.py:137} INFO - [2023-05-18T09:24:49.193+0000] {dag.py:3437} INFO - Setting next_dagrun for two_task_dag to None, run_after=None
[2023-05-18T09:24:49.237+0000] {processor.py:175} INFO - Processing /workspaces/hands-on-introduction-data-engineering-4395021/airflow/dags/two_task_dags.py took 0.104 seconds
[2023-05-18T09:25:19.440+0000] {processor.py:153} INFO - Started process (PID=13457) to work on /workspaces/hands-on-introduction-data-engineering-4395021/airflow/dags/two_task_dags.py
[2023-05-18T09:25:19.442+0000] {processor.py:743} INFO - Processing file /workspaces/hands-on-introduction-data-engineering-4395021/airflow/dags/two_task_dags.py for tasks to queue
[2023-05-18T09:25:19.443+0000] {logging_mixin.py:137} INFO - [2023-05-18T09:25:19.443+0000] {dagbag.py:538} INFO - Filling up the DagBag from /workspaces/hands-on-introduction-data-engineering-4395021/airflow/dags/two_task_dags.py
[2023-05-18T09:25:19.458+0000] {processor.py:753} INFO - DAG(s) dict_keys(['two_task_dag']) retrieved from /workspaces/hands-on-introduction-data-engineering-4395021/airflow/dags/two_task_dags.py
[2023-05-18T09:25:19.478+0000] {logging_mixin.py:137} INFO - [2023-05-18T09:25:19.478+0000] {dag.py:2690} INFO - Sync 1 DAGs
[2023-05-18T09:25:19.498+0000] {logging_mixin.py:137} INFO - [2023-05-18T09:25:19.497+0000] {dag.py:3437} INFO - Setting next_dagrun for two_task_dag to None, run_after=None
[2023-05-18T09:25:19.540+0000] {processor.py:175} INFO - Processing /workspaces/hands-on-introduction-data-engineering-4395021/airflow/dags/two_task_dags.py took 0.103 seconds
[2023-05-18T09:25:49.668+0000] {processor.py:153} INFO - Started process (PID=13581) to work on /workspaces/hands-on-introduction-data-engineering-4395021/airflow/dags/two_task_dags.py
[2023-05-18T09:25:49.669+0000] {processor.py:743} INFO - Processing file /workspaces/hands-on-introduction-data-engineering-4395021/airflow/dags/two_task_dags.py for tasks to queue
[2023-05-18T09:25:49.670+0000] {logging_mixin.py:137} INFO - [2023-05-18T09:25:49.670+0000] {dagbag.py:538} INFO - Filling up the DagBag from /workspaces/hands-on-introduction-data-engineering-4395021/airflow/dags/two_task_dags.py
[2023-05-18T09:25:49.686+0000] {processor.py:753} INFO - DAG(s) dict_keys(['two_task_dag']) retrieved from /workspaces/hands-on-introduction-data-engineering-4395021/airflow/dags/two_task_dags.py
[2023-05-18T09:25:49.705+0000] {logging_mixin.py:137} INFO - [2023-05-18T09:25:49.705+0000] {dag.py:2690} INFO - Sync 1 DAGs
[2023-05-18T09:25:49.724+0000] {logging_mixin.py:137} INFO - [2023-05-18T09:25:49.724+0000] {dag.py:3437} INFO - Setting next_dagrun for two_task_dag to None, run_after=None
[2023-05-18T09:25:49.767+0000] {processor.py:175} INFO - Processing /workspaces/hands-on-introduction-data-engineering-4395021/airflow/dags/two_task_dags.py took 0.102 seconds
[2023-05-18T09:26:30.929+0000] {processor.py:153} INFO - Started process (PID=13744) to work on /workspaces/hands-on-introduction-data-engineering-4395021/airflow/dags/two_task_dags.py
[2023-05-18T09:26:30.931+0000] {processor.py:743} INFO - Processing file /workspaces/hands-on-introduction-data-engineering-4395021/airflow/dags/two_task_dags.py for tasks to queue
[2023-05-18T09:26:30.932+0000] {logging_mixin.py:137} INFO - [2023-05-18T09:26:30.932+0000] {dagbag.py:538} INFO - Filling up the DagBag from /workspaces/hands-on-introduction-data-engineering-4395021/airflow/dags/two_task_dags.py
[2023-05-18T09:26:30.957+0000] {processor.py:753} INFO - DAG(s) dict_keys(['two_task_dag']) retrieved from /workspaces/hands-on-introduction-data-engineering-4395021/airflow/dags/two_task_dags.py
[2023-05-18T09:26:30.976+0000] {logging_mixin.py:137} INFO - [2023-05-18T09:26:30.976+0000] {dag.py:2690} INFO - Sync 1 DAGs
[2023-05-18T09:26:30.997+0000] {logging_mixin.py:137} INFO - [2023-05-18T09:26:30.997+0000] {dag.py:3437} INFO - Setting next_dagrun for two_task_dag to None, run_after=None
[2023-05-18T09:26:31.039+0000] {processor.py:175} INFO - Processing /workspaces/hands-on-introduction-data-engineering-4395021/airflow/dags/two_task_dags.py took 0.115 seconds
[2023-05-18T09:27:01.305+0000] {processor.py:153} INFO - Started process (PID=13871) to work on /workspaces/hands-on-introduction-data-engineering-4395021/airflow/dags/two_task_dags.py
[2023-05-18T09:27:01.307+0000] {processor.py:743} INFO - Processing file /workspaces/hands-on-introduction-data-engineering-4395021/airflow/dags/two_task_dags.py for tasks to queue
[2023-05-18T09:27:01.307+0000] {logging_mixin.py:137} INFO - [2023-05-18T09:27:01.307+0000] {dagbag.py:538} INFO - Filling up the DagBag from /workspaces/hands-on-introduction-data-engineering-4395021/airflow/dags/two_task_dags.py
[2023-05-18T09:27:01.323+0000] {processor.py:753} INFO - DAG(s) dict_keys(['two_task_dag']) retrieved from /workspaces/hands-on-introduction-data-engineering-4395021/airflow/dags/two_task_dags.py
[2023-05-18T09:27:01.341+0000] {logging_mixin.py:137} INFO - [2023-05-18T09:27:01.341+0000] {dag.py:2690} INFO - Sync 1 DAGs
[2023-05-18T09:27:01.360+0000] {logging_mixin.py:137} INFO - [2023-05-18T09:27:01.360+0000] {dag.py:3437} INFO - Setting next_dagrun for two_task_dag to None, run_after=None
[2023-05-18T09:27:01.406+0000] {processor.py:175} INFO - Processing /workspaces/hands-on-introduction-data-engineering-4395021/airflow/dags/two_task_dags.py took 0.110 seconds
[2023-05-18T09:27:31.953+0000] {processor.py:153} INFO - Started process (PID=13994) to work on /workspaces/hands-on-introduction-data-engineering-4395021/airflow/dags/two_task_dags.py
[2023-05-18T09:27:31.954+0000] {processor.py:743} INFO - Processing file /workspaces/hands-on-introduction-data-engineering-4395021/airflow/dags/two_task_dags.py for tasks to queue
[2023-05-18T09:27:31.955+0000] {logging_mixin.py:137} INFO - [2023-05-18T09:27:31.955+0000] {dagbag.py:538} INFO - Filling up the DagBag from /workspaces/hands-on-introduction-data-engineering-4395021/airflow/dags/two_task_dags.py
[2023-05-18T09:27:31.971+0000] {processor.py:753} INFO - DAG(s) dict_keys(['two_task_dag']) retrieved from /workspaces/hands-on-introduction-data-engineering-4395021/airflow/dags/two_task_dags.py
[2023-05-18T09:27:31.989+0000] {logging_mixin.py:137} INFO - [2023-05-18T09:27:31.989+0000] {dag.py:2690} INFO - Sync 1 DAGs
[2023-05-18T09:27:32.009+0000] {logging_mixin.py:137} INFO - [2023-05-18T09:27:32.009+0000] {dag.py:3437} INFO - Setting next_dagrun for two_task_dag to None, run_after=None
[2023-05-18T09:27:32.053+0000] {processor.py:175} INFO - Processing /workspaces/hands-on-introduction-data-engineering-4395021/airflow/dags/two_task_dags.py took 0.104 seconds
[2023-05-18T09:28:02.598+0000] {processor.py:153} INFO - Started process (PID=14119) to work on /workspaces/hands-on-introduction-data-engineering-4395021/airflow/dags/two_task_dags.py
[2023-05-18T09:28:02.599+0000] {processor.py:743} INFO - Processing file /workspaces/hands-on-introduction-data-engineering-4395021/airflow/dags/two_task_dags.py for tasks to queue
[2023-05-18T09:28:02.600+0000] {logging_mixin.py:137} INFO - [2023-05-18T09:28:02.599+0000] {dagbag.py:538} INFO - Filling up the DagBag from /workspaces/hands-on-introduction-data-engineering-4395021/airflow/dags/two_task_dags.py
[2023-05-18T09:28:02.616+0000] {processor.py:753} INFO - DAG(s) dict_keys(['two_task_dag']) retrieved from /workspaces/hands-on-introduction-data-engineering-4395021/airflow/dags/two_task_dags.py
[2023-05-18T09:28:02.635+0000] {logging_mixin.py:137} INFO - [2023-05-18T09:28:02.635+0000] {dag.py:2690} INFO - Sync 1 DAGs
[2023-05-18T09:28:02.656+0000] {logging_mixin.py:137} INFO - [2023-05-18T09:28:02.656+0000] {dag.py:3437} INFO - Setting next_dagrun for two_task_dag to None, run_after=None
[2023-05-18T09:28:02.700+0000] {processor.py:175} INFO - Processing /workspaces/hands-on-introduction-data-engineering-4395021/airflow/dags/two_task_dags.py took 0.106 seconds
[2023-05-18T09:28:33.241+0000] {processor.py:153} INFO - Started process (PID=14245) to work on /workspaces/hands-on-introduction-data-engineering-4395021/airflow/dags/two_task_dags.py
[2023-05-18T09:28:33.242+0000] {processor.py:743} INFO - Processing file /workspaces/hands-on-introduction-data-engineering-4395021/airflow/dags/two_task_dags.py for tasks to queue
[2023-05-18T09:28:33.243+0000] {logging_mixin.py:137} INFO - [2023-05-18T09:28:33.243+0000] {dagbag.py:538} INFO - Filling up the DagBag from /workspaces/hands-on-introduction-data-engineering-4395021/airflow/dags/two_task_dags.py
[2023-05-18T09:28:33.259+0000] {processor.py:753} INFO - DAG(s) dict_keys(['two_task_dag']) retrieved from /workspaces/hands-on-introduction-data-engineering-4395021/airflow/dags/two_task_dags.py
[2023-05-18T09:28:33.278+0000] {logging_mixin.py:137} INFO - [2023-05-18T09:28:33.278+0000] {dag.py:2690} INFO - Sync 1 DAGs
[2023-05-18T09:28:33.298+0000] {logging_mixin.py:137} INFO - [2023-05-18T09:28:33.298+0000] {dag.py:3437} INFO - Setting next_dagrun for two_task_dag to None, run_after=None
[2023-05-18T09:28:33.345+0000] {processor.py:175} INFO - Processing /workspaces/hands-on-introduction-data-engineering-4395021/airflow/dags/two_task_dags.py took 0.108 seconds
[2023-05-18T09:29:03.851+0000] {processor.py:153} INFO - Started process (PID=14378) to work on /workspaces/hands-on-introduction-data-engineering-4395021/airflow/dags/two_task_dags.py
[2023-05-18T09:29:03.852+0000] {processor.py:743} INFO - Processing file /workspaces/hands-on-introduction-data-engineering-4395021/airflow/dags/two_task_dags.py for tasks to queue
[2023-05-18T09:29:03.853+0000] {logging_mixin.py:137} INFO - [2023-05-18T09:29:03.853+0000] {dagbag.py:538} INFO - Filling up the DagBag from /workspaces/hands-on-introduction-data-engineering-4395021/airflow/dags/two_task_dags.py
[2023-05-18T09:29:03.869+0000] {processor.py:753} INFO - DAG(s) dict_keys(['two_task_dag']) retrieved from /workspaces/hands-on-introduction-data-engineering-4395021/airflow/dags/two_task_dags.py
[2023-05-18T09:29:03.888+0000] {logging_mixin.py:137} INFO - [2023-05-18T09:29:03.887+0000] {dag.py:2690} INFO - Sync 1 DAGs
[2023-05-18T09:29:03.907+0000] {logging_mixin.py:137} INFO - [2023-05-18T09:29:03.907+0000] {dag.py:3437} INFO - Setting next_dagrun for two_task_dag to None, run_after=None
[2023-05-18T09:29:03.949+0000] {processor.py:175} INFO - Processing /workspaces/hands-on-introduction-data-engineering-4395021/airflow/dags/two_task_dags.py took 0.102 seconds
[2023-05-18T09:29:34.470+0000] {processor.py:153} INFO - Started process (PID=14509) to work on /workspaces/hands-on-introduction-data-engineering-4395021/airflow/dags/two_task_dags.py
[2023-05-18T09:29:34.472+0000] {processor.py:743} INFO - Processing file /workspaces/hands-on-introduction-data-engineering-4395021/airflow/dags/two_task_dags.py for tasks to queue
[2023-05-18T09:29:34.473+0000] {logging_mixin.py:137} INFO - [2023-05-18T09:29:34.472+0000] {dagbag.py:538} INFO - Filling up the DagBag from /workspaces/hands-on-introduction-data-engineering-4395021/airflow/dags/two_task_dags.py
[2023-05-18T09:29:34.489+0000] {processor.py:753} INFO - DAG(s) dict_keys(['two_task_dag']) retrieved from /workspaces/hands-on-introduction-data-engineering-4395021/airflow/dags/two_task_dags.py
[2023-05-18T09:29:34.508+0000] {logging_mixin.py:137} INFO - [2023-05-18T09:29:34.508+0000] {dag.py:2690} INFO - Sync 1 DAGs
[2023-05-18T09:29:34.526+0000] {logging_mixin.py:137} INFO - [2023-05-18T09:29:34.526+0000] {dag.py:3437} INFO - Setting next_dagrun for two_task_dag to None, run_after=None
[2023-05-18T09:29:34.570+0000] {processor.py:175} INFO - Processing /workspaces/hands-on-introduction-data-engineering-4395021/airflow/dags/two_task_dags.py took 0.103 seconds
[2023-05-18T09:30:05.100+0000] {processor.py:153} INFO - Started process (PID=14638) to work on /workspaces/hands-on-introduction-data-engineering-4395021/airflow/dags/two_task_dags.py
[2023-05-18T09:30:05.101+0000] {processor.py:743} INFO - Processing file /workspaces/hands-on-introduction-data-engineering-4395021/airflow/dags/two_task_dags.py for tasks to queue
[2023-05-18T09:30:05.102+0000] {logging_mixin.py:137} INFO - [2023-05-18T09:30:05.102+0000] {dagbag.py:538} INFO - Filling up the DagBag from /workspaces/hands-on-introduction-data-engineering-4395021/airflow/dags/two_task_dags.py
[2023-05-18T09:30:05.119+0000] {processor.py:753} INFO - DAG(s) dict_keys(['two_task_dag']) retrieved from /workspaces/hands-on-introduction-data-engineering-4395021/airflow/dags/two_task_dags.py
[2023-05-18T09:30:05.138+0000] {logging_mixin.py:137} INFO - [2023-05-18T09:30:05.138+0000] {dag.py:2690} INFO - Sync 1 DAGs
[2023-05-18T09:30:05.157+0000] {logging_mixin.py:137} INFO - [2023-05-18T09:30:05.157+0000] {dag.py:3437} INFO - Setting next_dagrun for two_task_dag to None, run_after=None
[2023-05-18T09:30:05.200+0000] {processor.py:175} INFO - Processing /workspaces/hands-on-introduction-data-engineering-4395021/airflow/dags/two_task_dags.py took 0.104 seconds
[2023-05-18T09:30:35.852+0000] {processor.py:153} INFO - Started process (PID=14768) to work on /workspaces/hands-on-introduction-data-engineering-4395021/airflow/dags/two_task_dags.py
[2023-05-18T09:30:35.853+0000] {processor.py:743} INFO - Processing file /workspaces/hands-on-introduction-data-engineering-4395021/airflow/dags/two_task_dags.py for tasks to queue
[2023-05-18T09:30:35.854+0000] {logging_mixin.py:137} INFO - [2023-05-18T09:30:35.854+0000] {dagbag.py:538} INFO - Filling up the DagBag from /workspaces/hands-on-introduction-data-engineering-4395021/airflow/dags/two_task_dags.py
[2023-05-18T09:30:35.870+0000] {processor.py:753} INFO - DAG(s) dict_keys(['two_task_dag']) retrieved from /workspaces/hands-on-introduction-data-engineering-4395021/airflow/dags/two_task_dags.py
[2023-05-18T09:30:35.888+0000] {logging_mixin.py:137} INFO - [2023-05-18T09:30:35.888+0000] {dag.py:2690} INFO - Sync 1 DAGs
[2023-05-18T09:30:35.906+0000] {logging_mixin.py:137} INFO - [2023-05-18T09:30:35.906+0000] {dag.py:3437} INFO - Setting next_dagrun for two_task_dag to None, run_after=None
[2023-05-18T09:30:35.950+0000] {processor.py:175} INFO - Processing /workspaces/hands-on-introduction-data-engineering-4395021/airflow/dags/two_task_dags.py took 0.101 seconds
[2023-05-18T09:31:06.435+0000] {processor.py:153} INFO - Started process (PID=14907) to work on /workspaces/hands-on-introduction-data-engineering-4395021/airflow/dags/two_task_dags.py
[2023-05-18T09:31:06.436+0000] {processor.py:743} INFO - Processing file /workspaces/hands-on-introduction-data-engineering-4395021/airflow/dags/two_task_dags.py for tasks to queue
[2023-05-18T09:31:06.437+0000] {logging_mixin.py:137} INFO - [2023-05-18T09:31:06.437+0000] {dagbag.py:538} INFO - Filling up the DagBag from /workspaces/hands-on-introduction-data-engineering-4395021/airflow/dags/two_task_dags.py
[2023-05-18T09:31:06.456+0000] {processor.py:753} INFO - DAG(s) dict_keys(['two_task_dag']) retrieved from /workspaces/hands-on-introduction-data-engineering-4395021/airflow/dags/two_task_dags.py
[2023-05-18T09:31:06.475+0000] {logging_mixin.py:137} INFO - [2023-05-18T09:31:06.474+0000] {dag.py:2690} INFO - Sync 1 DAGs
[2023-05-18T09:31:06.494+0000] {logging_mixin.py:137} INFO - [2023-05-18T09:31:06.494+0000] {dag.py:3437} INFO - Setting next_dagrun for two_task_dag to None, run_after=None
[2023-05-18T09:31:06.538+0000] {processor.py:175} INFO - Processing /workspaces/hands-on-introduction-data-engineering-4395021/airflow/dags/two_task_dags.py took 0.107 seconds
[2023-05-18T09:31:37.027+0000] {processor.py:153} INFO - Started process (PID=15116) to work on /workspaces/hands-on-introduction-data-engineering-4395021/airflow/dags/two_task_dags.py
[2023-05-18T09:31:37.029+0000] {processor.py:743} INFO - Processing file /workspaces/hands-on-introduction-data-engineering-4395021/airflow/dags/two_task_dags.py for tasks to queue
[2023-05-18T09:31:37.029+0000] {logging_mixin.py:137} INFO - [2023-05-18T09:31:37.029+0000] {dagbag.py:538} INFO - Filling up the DagBag from /workspaces/hands-on-introduction-data-engineering-4395021/airflow/dags/two_task_dags.py
[2023-05-18T09:31:37.045+0000] {processor.py:753} INFO - DAG(s) dict_keys(['two_task_dag']) retrieved from /workspaces/hands-on-introduction-data-engineering-4395021/airflow/dags/two_task_dags.py
[2023-05-18T09:31:37.063+0000] {logging_mixin.py:137} INFO - [2023-05-18T09:31:37.063+0000] {dag.py:2690} INFO - Sync 1 DAGs
[2023-05-18T09:31:37.081+0000] {logging_mixin.py:137} INFO - [2023-05-18T09:31:37.081+0000] {dag.py:3437} INFO - Setting next_dagrun for two_task_dag to None, run_after=None
[2023-05-18T09:31:37.137+0000] {processor.py:175} INFO - Processing /workspaces/hands-on-introduction-data-engineering-4395021/airflow/dags/two_task_dags.py took 0.114 seconds
[2023-05-18T09:32:07.611+0000] {processor.py:153} INFO - Started process (PID=15258) to work on /workspaces/hands-on-introduction-data-engineering-4395021/airflow/dags/two_task_dags.py
[2023-05-18T09:32:07.612+0000] {processor.py:743} INFO - Processing file /workspaces/hands-on-introduction-data-engineering-4395021/airflow/dags/two_task_dags.py for tasks to queue
[2023-05-18T09:32:07.613+0000] {logging_mixin.py:137} INFO - [2023-05-18T09:32:07.613+0000] {dagbag.py:538} INFO - Filling up the DagBag from /workspaces/hands-on-introduction-data-engineering-4395021/airflow/dags/two_task_dags.py
[2023-05-18T09:32:07.630+0000] {processor.py:753} INFO - DAG(s) dict_keys(['two_task_dag']) retrieved from /workspaces/hands-on-introduction-data-engineering-4395021/airflow/dags/two_task_dags.py
[2023-05-18T09:32:07.689+0000] {logging_mixin.py:137} INFO - [2023-05-18T09:32:07.689+0000] {dag.py:2690} INFO - Sync 1 DAGs
[2023-05-18T09:32:07.728+0000] {logging_mixin.py:137} INFO - [2023-05-18T09:32:07.727+0000] {dag.py:3437} INFO - Setting next_dagrun for two_task_dag to None, run_after=None
[2023-05-18T09:32:07.781+0000] {processor.py:175} INFO - Processing /workspaces/hands-on-introduction-data-engineering-4395021/airflow/dags/two_task_dags.py took 0.173 seconds
[2023-05-18T09:32:38.207+0000] {processor.py:153} INFO - Started process (PID=15393) to work on /workspaces/hands-on-introduction-data-engineering-4395021/airflow/dags/two_task_dags.py
[2023-05-18T09:32:38.208+0000] {processor.py:743} INFO - Processing file /workspaces/hands-on-introduction-data-engineering-4395021/airflow/dags/two_task_dags.py for tasks to queue
[2023-05-18T09:32:38.209+0000] {logging_mixin.py:137} INFO - [2023-05-18T09:32:38.209+0000] {dagbag.py:538} INFO - Filling up the DagBag from /workspaces/hands-on-introduction-data-engineering-4395021/airflow/dags/two_task_dags.py
[2023-05-18T09:32:38.225+0000] {processor.py:753} INFO - DAG(s) dict_keys(['two_task_dag']) retrieved from /workspaces/hands-on-introduction-data-engineering-4395021/airflow/dags/two_task_dags.py
[2023-05-18T09:32:38.244+0000] {logging_mixin.py:137} INFO - [2023-05-18T09:32:38.244+0000] {dag.py:2690} INFO - Sync 1 DAGs
[2023-05-18T09:32:38.264+0000] {logging_mixin.py:137} INFO - [2023-05-18T09:32:38.264+0000] {dag.py:3437} INFO - Setting next_dagrun for two_task_dag to None, run_after=None
[2023-05-18T09:32:38.307+0000] {processor.py:175} INFO - Processing /workspaces/hands-on-introduction-data-engineering-4395021/airflow/dags/two_task_dags.py took 0.104 seconds
[2023-05-18T09:33:08.831+0000] {processor.py:153} INFO - Started process (PID=15542) to work on /workspaces/hands-on-introduction-data-engineering-4395021/airflow/dags/two_task_dags.py
[2023-05-18T09:33:08.833+0000] {processor.py:743} INFO - Processing file /workspaces/hands-on-introduction-data-engineering-4395021/airflow/dags/two_task_dags.py for tasks to queue
[2023-05-18T09:33:08.833+0000] {logging_mixin.py:137} INFO - [2023-05-18T09:33:08.833+0000] {dagbag.py:538} INFO - Filling up the DagBag from /workspaces/hands-on-introduction-data-engineering-4395021/airflow/dags/two_task_dags.py
[2023-05-18T09:33:08.849+0000] {processor.py:753} INFO - DAG(s) dict_keys(['two_task_dag']) retrieved from /workspaces/hands-on-introduction-data-engineering-4395021/airflow/dags/two_task_dags.py
[2023-05-18T09:33:08.868+0000] {logging_mixin.py:137} INFO - [2023-05-18T09:33:08.868+0000] {dag.py:2690} INFO - Sync 1 DAGs
[2023-05-18T09:33:08.888+0000] {logging_mixin.py:137} INFO - [2023-05-18T09:33:08.888+0000] {dag.py:3437} INFO - Setting next_dagrun for two_task_dag to None, run_after=None
[2023-05-18T09:33:08.930+0000] {processor.py:175} INFO - Processing /workspaces/hands-on-introduction-data-engineering-4395021/airflow/dags/two_task_dags.py took 0.103 seconds
[2023-05-18T09:33:39.146+0000] {processor.py:153} INFO - Started process (PID=15673) to work on /workspaces/hands-on-introduction-data-engineering-4395021/airflow/dags/two_task_dags.py
[2023-05-18T09:33:39.147+0000] {processor.py:743} INFO - Processing file /workspaces/hands-on-introduction-data-engineering-4395021/airflow/dags/two_task_dags.py for tasks to queue
[2023-05-18T09:33:39.148+0000] {logging_mixin.py:137} INFO - [2023-05-18T09:33:39.147+0000] {dagbag.py:538} INFO - Filling up the DagBag from /workspaces/hands-on-introduction-data-engineering-4395021/airflow/dags/two_task_dags.py
[2023-05-18T09:33:39.164+0000] {processor.py:753} INFO - DAG(s) dict_keys(['two_task_dag']) retrieved from /workspaces/hands-on-introduction-data-engineering-4395021/airflow/dags/two_task_dags.py
[2023-05-18T09:33:39.184+0000] {logging_mixin.py:137} INFO - [2023-05-18T09:33:39.184+0000] {dag.py:2690} INFO - Sync 1 DAGs
[2023-05-18T09:33:39.203+0000] {logging_mixin.py:137} INFO - [2023-05-18T09:33:39.203+0000] {dag.py:3437} INFO - Setting next_dagrun for two_task_dag to None, run_after=None
[2023-05-18T09:33:39.256+0000] {processor.py:175} INFO - Processing /workspaces/hands-on-introduction-data-engineering-4395021/airflow/dags/two_task_dags.py took 0.114 seconds
[2023-05-18T09:34:09.419+0000] {processor.py:153} INFO - Started process (PID=15820) to work on /workspaces/hands-on-introduction-data-engineering-4395021/airflow/dags/two_task_dags.py
[2023-05-18T09:34:09.420+0000] {processor.py:743} INFO - Processing file /workspaces/hands-on-introduction-data-engineering-4395021/airflow/dags/two_task_dags.py for tasks to queue
[2023-05-18T09:34:09.421+0000] {logging_mixin.py:137} INFO - [2023-05-18T09:34:09.420+0000] {dagbag.py:538} INFO - Filling up the DagBag from /workspaces/hands-on-introduction-data-engineering-4395021/airflow/dags/two_task_dags.py
[2023-05-18T09:34:09.438+0000] {processor.py:753} INFO - DAG(s) dict_keys(['two_task_dag']) retrieved from /workspaces/hands-on-introduction-data-engineering-4395021/airflow/dags/two_task_dags.py
[2023-05-18T09:34:09.459+0000] {logging_mixin.py:137} INFO - [2023-05-18T09:34:09.459+0000] {dag.py:2690} INFO - Sync 1 DAGs
[2023-05-18T09:34:09.480+0000] {logging_mixin.py:137} INFO - [2023-05-18T09:34:09.479+0000] {dag.py:3437} INFO - Setting next_dagrun for two_task_dag to None, run_after=None
[2023-05-18T09:34:09.525+0000] {processor.py:175} INFO - Processing /workspaces/hands-on-introduction-data-engineering-4395021/airflow/dags/two_task_dags.py took 0.110 seconds
[2023-05-18T09:34:39.691+0000] {processor.py:153} INFO - Started process (PID=15956) to work on /workspaces/hands-on-introduction-data-engineering-4395021/airflow/dags/two_task_dags.py
[2023-05-18T09:34:39.693+0000] {processor.py:743} INFO - Processing file /workspaces/hands-on-introduction-data-engineering-4395021/airflow/dags/two_task_dags.py for tasks to queue
[2023-05-18T09:34:39.694+0000] {logging_mixin.py:137} INFO - [2023-05-18T09:34:39.693+0000] {dagbag.py:538} INFO - Filling up the DagBag from /workspaces/hands-on-introduction-data-engineering-4395021/airflow/dags/two_task_dags.py
[2023-05-18T09:34:39.710+0000] {processor.py:753} INFO - DAG(s) dict_keys(['two_task_dag']) retrieved from /workspaces/hands-on-introduction-data-engineering-4395021/airflow/dags/two_task_dags.py
[2023-05-18T09:34:39.729+0000] {logging_mixin.py:137} INFO - [2023-05-18T09:34:39.728+0000] {dag.py:2690} INFO - Sync 1 DAGs
[2023-05-18T09:34:39.748+0000] {logging_mixin.py:137} INFO - [2023-05-18T09:34:39.748+0000] {dag.py:3437} INFO - Setting next_dagrun for two_task_dag to None, run_after=None
[2023-05-18T09:34:39.792+0000] {processor.py:175} INFO - Processing /workspaces/hands-on-introduction-data-engineering-4395021/airflow/dags/two_task_dags.py took 0.104 seconds
[2023-05-18T09:35:09.943+0000] {processor.py:153} INFO - Started process (PID=16095) to work on /workspaces/hands-on-introduction-data-engineering-4395021/airflow/dags/two_task_dags.py
[2023-05-18T09:35:09.944+0000] {processor.py:743} INFO - Processing file /workspaces/hands-on-introduction-data-engineering-4395021/airflow/dags/two_task_dags.py for tasks to queue
[2023-05-18T09:35:09.945+0000] {logging_mixin.py:137} INFO - [2023-05-18T09:35:09.945+0000] {dagbag.py:538} INFO - Filling up the DagBag from /workspaces/hands-on-introduction-data-engineering-4395021/airflow/dags/two_task_dags.py
[2023-05-18T09:35:09.961+0000] {processor.py:753} INFO - DAG(s) dict_keys(['two_task_dag']) retrieved from /workspaces/hands-on-introduction-data-engineering-4395021/airflow/dags/two_task_dags.py
[2023-05-18T09:35:09.980+0000] {logging_mixin.py:137} INFO - [2023-05-18T09:35:09.980+0000] {dag.py:2690} INFO - Sync 1 DAGs
[2023-05-18T09:35:09.999+0000] {logging_mixin.py:137} INFO - [2023-05-18T09:35:09.999+0000] {dag.py:3437} INFO - Setting next_dagrun for two_task_dag to None, run_after=None
[2023-05-18T09:35:10.052+0000] {processor.py:175} INFO - Processing /workspaces/hands-on-introduction-data-engineering-4395021/airflow/dags/two_task_dags.py took 0.114 seconds
[2023-05-18T09:35:40.306+0000] {processor.py:153} INFO - Started process (PID=16231) to work on /workspaces/hands-on-introduction-data-engineering-4395021/airflow/dags/two_task_dags.py
[2023-05-18T09:35:40.307+0000] {processor.py:743} INFO - Processing file /workspaces/hands-on-introduction-data-engineering-4395021/airflow/dags/two_task_dags.py for tasks to queue
[2023-05-18T09:35:40.308+0000] {logging_mixin.py:137} INFO - [2023-05-18T09:35:40.307+0000] {dagbag.py:538} INFO - Filling up the DagBag from /workspaces/hands-on-introduction-data-engineering-4395021/airflow/dags/two_task_dags.py
[2023-05-18T09:35:40.324+0000] {processor.py:753} INFO - DAG(s) dict_keys(['two_task_dag']) retrieved from /workspaces/hands-on-introduction-data-engineering-4395021/airflow/dags/two_task_dags.py
[2023-05-18T09:35:40.344+0000] {logging_mixin.py:137} INFO - [2023-05-18T09:35:40.344+0000] {dag.py:2690} INFO - Sync 1 DAGs
[2023-05-18T09:35:40.366+0000] {logging_mixin.py:137} INFO - [2023-05-18T09:35:40.366+0000] {dag.py:3437} INFO - Setting next_dagrun for two_task_dag to None, run_after=None
[2023-05-18T09:35:40.424+0000] {processor.py:175} INFO - Processing /workspaces/hands-on-introduction-data-engineering-4395021/airflow/dags/two_task_dags.py took 0.124 seconds
[2023-05-18T09:36:10.602+0000] {processor.py:153} INFO - Started process (PID=16371) to work on /workspaces/hands-on-introduction-data-engineering-4395021/airflow/dags/two_task_dags.py
[2023-05-18T09:36:10.607+0000] {processor.py:743} INFO - Processing file /workspaces/hands-on-introduction-data-engineering-4395021/airflow/dags/two_task_dags.py for tasks to queue
[2023-05-18T09:36:10.609+0000] {logging_mixin.py:137} INFO - [2023-05-18T09:36:10.608+0000] {dagbag.py:538} INFO - Filling up the DagBag from /workspaces/hands-on-introduction-data-engineering-4395021/airflow/dags/two_task_dags.py
[2023-05-18T09:36:10.634+0000] {processor.py:753} INFO - DAG(s) dict_keys(['two_task_dag']) retrieved from /workspaces/hands-on-introduction-data-engineering-4395021/airflow/dags/two_task_dags.py
[2023-05-18T09:36:10.660+0000] {logging_mixin.py:137} INFO - [2023-05-18T09:36:10.659+0000] {dag.py:2690} INFO - Sync 1 DAGs
[2023-05-18T09:36:10.685+0000] {logging_mixin.py:137} INFO - [2023-05-18T09:36:10.685+0000] {dag.py:3437} INFO - Setting next_dagrun for two_task_dag to None, run_after=None
[2023-05-18T09:36:10.727+0000] {processor.py:175} INFO - Processing /workspaces/hands-on-introduction-data-engineering-4395021/airflow/dags/two_task_dags.py took 0.130 seconds
[2023-05-18T09:36:40.857+0000] {processor.py:153} INFO - Started process (PID=16496) to work on /workspaces/hands-on-introduction-data-engineering-4395021/airflow/dags/two_task_dags.py
[2023-05-18T09:36:40.859+0000] {processor.py:743} INFO - Processing file /workspaces/hands-on-introduction-data-engineering-4395021/airflow/dags/two_task_dags.py for tasks to queue
[2023-05-18T09:36:40.860+0000] {logging_mixin.py:137} INFO - [2023-05-18T09:36:40.859+0000] {dagbag.py:538} INFO - Filling up the DagBag from /workspaces/hands-on-introduction-data-engineering-4395021/airflow/dags/two_task_dags.py
[2023-05-18T09:36:40.875+0000] {processor.py:753} INFO - DAG(s) dict_keys(['two_task_dag']) retrieved from /workspaces/hands-on-introduction-data-engineering-4395021/airflow/dags/two_task_dags.py
[2023-05-18T09:36:40.893+0000] {logging_mixin.py:137} INFO - [2023-05-18T09:36:40.893+0000] {dag.py:2690} INFO - Sync 1 DAGs
[2023-05-18T09:36:40.913+0000] {logging_mixin.py:137} INFO - [2023-05-18T09:36:40.913+0000] {dag.py:3437} INFO - Setting next_dagrun for two_task_dag to None, run_after=None
[2023-05-18T09:36:40.960+0000] {processor.py:175} INFO - Processing /workspaces/hands-on-introduction-data-engineering-4395021/airflow/dags/two_task_dags.py took 0.106 seconds
[2023-05-18T09:37:11.134+0000] {processor.py:153} INFO - Started process (PID=16634) to work on /workspaces/hands-on-introduction-data-engineering-4395021/airflow/dags/two_task_dags.py
[2023-05-18T09:37:11.135+0000] {processor.py:743} INFO - Processing file /workspaces/hands-on-introduction-data-engineering-4395021/airflow/dags/two_task_dags.py for tasks to queue
[2023-05-18T09:37:11.136+0000] {logging_mixin.py:137} INFO - [2023-05-18T09:37:11.136+0000] {dagbag.py:538} INFO - Filling up the DagBag from /workspaces/hands-on-introduction-data-engineering-4395021/airflow/dags/two_task_dags.py
[2023-05-18T09:37:11.152+0000] {processor.py:753} INFO - DAG(s) dict_keys(['two_task_dag']) retrieved from /workspaces/hands-on-introduction-data-engineering-4395021/airflow/dags/two_task_dags.py
[2023-05-18T09:37:11.171+0000] {logging_mixin.py:137} INFO - [2023-05-18T09:37:11.171+0000] {dag.py:2690} INFO - Sync 1 DAGs
[2023-05-18T09:37:11.191+0000] {logging_mixin.py:137} INFO - [2023-05-18T09:37:11.190+0000] {dag.py:3437} INFO - Setting next_dagrun for two_task_dag to None, run_after=None
[2023-05-18T09:37:11.235+0000] {processor.py:175} INFO - Processing /workspaces/hands-on-introduction-data-engineering-4395021/airflow/dags/two_task_dags.py took 0.105 seconds
[2023-05-18T09:37:41.406+0000] {processor.py:153} INFO - Started process (PID=16771) to work on /workspaces/hands-on-introduction-data-engineering-4395021/airflow/dags/two_task_dags.py
[2023-05-18T09:37:41.407+0000] {processor.py:743} INFO - Processing file /workspaces/hands-on-introduction-data-engineering-4395021/airflow/dags/two_task_dags.py for tasks to queue
[2023-05-18T09:37:41.408+0000] {logging_mixin.py:137} INFO - [2023-05-18T09:37:41.408+0000] {dagbag.py:538} INFO - Filling up the DagBag from /workspaces/hands-on-introduction-data-engineering-4395021/airflow/dags/two_task_dags.py
[2023-05-18T09:37:41.424+0000] {processor.py:753} INFO - DAG(s) dict_keys(['two_task_dag']) retrieved from /workspaces/hands-on-introduction-data-engineering-4395021/airflow/dags/two_task_dags.py
[2023-05-18T09:37:41.445+0000] {logging_mixin.py:137} INFO - [2023-05-18T09:37:41.444+0000] {dag.py:2690} INFO - Sync 1 DAGs
[2023-05-18T09:37:41.464+0000] {logging_mixin.py:137} INFO - [2023-05-18T09:37:41.464+0000] {dag.py:3437} INFO - Setting next_dagrun for two_task_dag to None, run_after=None
[2023-05-18T09:37:41.506+0000] {processor.py:175} INFO - Processing /workspaces/hands-on-introduction-data-engineering-4395021/airflow/dags/two_task_dags.py took 0.104 seconds
[2023-05-18T09:38:11.680+0000] {processor.py:153} INFO - Started process (PID=16927) to work on /workspaces/hands-on-introduction-data-engineering-4395021/airflow/dags/two_task_dags.py
[2023-05-18T09:38:11.681+0000] {processor.py:743} INFO - Processing file /workspaces/hands-on-introduction-data-engineering-4395021/airflow/dags/two_task_dags.py for tasks to queue
[2023-05-18T09:38:11.682+0000] {logging_mixin.py:137} INFO - [2023-05-18T09:38:11.682+0000] {dagbag.py:538} INFO - Filling up the DagBag from /workspaces/hands-on-introduction-data-engineering-4395021/airflow/dags/two_task_dags.py
[2023-05-18T09:38:11.698+0000] {processor.py:753} INFO - DAG(s) dict_keys(['two_task_dag']) retrieved from /workspaces/hands-on-introduction-data-engineering-4395021/airflow/dags/two_task_dags.py
[2023-05-18T09:38:11.716+0000] {logging_mixin.py:137} INFO - [2023-05-18T09:38:11.716+0000] {dag.py:2690} INFO - Sync 1 DAGs
[2023-05-18T09:38:11.735+0000] {logging_mixin.py:137} INFO - [2023-05-18T09:38:11.735+0000] {dag.py:3437} INFO - Setting next_dagrun for two_task_dag to None, run_after=None
[2023-05-18T09:38:11.779+0000] {processor.py:175} INFO - Processing /workspaces/hands-on-introduction-data-engineering-4395021/airflow/dags/two_task_dags.py took 0.103 seconds
[2023-05-18T09:38:41.957+0000] {processor.py:153} INFO - Started process (PID=17074) to work on /workspaces/hands-on-introduction-data-engineering-4395021/airflow/dags/two_task_dags.py
[2023-05-18T09:38:41.959+0000] {processor.py:743} INFO - Processing file /workspaces/hands-on-introduction-data-engineering-4395021/airflow/dags/two_task_dags.py for tasks to queue
[2023-05-18T09:38:41.960+0000] {logging_mixin.py:137} INFO - [2023-05-18T09:38:41.960+0000] {dagbag.py:538} INFO - Filling up the DagBag from /workspaces/hands-on-introduction-data-engineering-4395021/airflow/dags/two_task_dags.py
[2023-05-18T09:38:41.996+0000] {processor.py:753} INFO - DAG(s) dict_keys(['two_task_dag']) retrieved from /workspaces/hands-on-introduction-data-engineering-4395021/airflow/dags/two_task_dags.py
[2023-05-18T09:38:42.026+0000] {logging_mixin.py:137} INFO - [2023-05-18T09:38:42.026+0000] {dag.py:2690} INFO - Sync 1 DAGs
[2023-05-18T09:38:42.056+0000] {logging_mixin.py:137} INFO - [2023-05-18T09:38:42.055+0000] {dag.py:3437} INFO - Setting next_dagrun for two_task_dag to None, run_after=None
[2023-05-18T09:38:42.101+0000] {processor.py:175} INFO - Processing /workspaces/hands-on-introduction-data-engineering-4395021/airflow/dags/two_task_dags.py took 0.149 seconds
[2023-05-18T09:39:12.232+0000] {processor.py:153} INFO - Started process (PID=17257) to work on /workspaces/hands-on-introduction-data-engineering-4395021/airflow/dags/two_task_dags.py
[2023-05-18T09:39:12.233+0000] {processor.py:743} INFO - Processing file /workspaces/hands-on-introduction-data-engineering-4395021/airflow/dags/two_task_dags.py for tasks to queue
[2023-05-18T09:39:12.234+0000] {logging_mixin.py:137} INFO - [2023-05-18T09:39:12.234+0000] {dagbag.py:538} INFO - Filling up the DagBag from /workspaces/hands-on-introduction-data-engineering-4395021/airflow/dags/two_task_dags.py
[2023-05-18T09:39:12.250+0000] {processor.py:753} INFO - DAG(s) dict_keys(['two_task_dag']) retrieved from /workspaces/hands-on-introduction-data-engineering-4395021/airflow/dags/two_task_dags.py
[2023-05-18T09:39:12.268+0000] {logging_mixin.py:137} INFO - [2023-05-18T09:39:12.268+0000] {dag.py:2690} INFO - Sync 1 DAGs
[2023-05-18T09:39:12.286+0000] {logging_mixin.py:137} INFO - [2023-05-18T09:39:12.286+0000] {dag.py:3437} INFO - Setting next_dagrun for two_task_dag to None, run_after=None
[2023-05-18T09:39:12.347+0000] {processor.py:175} INFO - Processing /workspaces/hands-on-introduction-data-engineering-4395021/airflow/dags/two_task_dags.py took 0.119 seconds
[2023-05-18T09:39:42.507+0000] {processor.py:153} INFO - Started process (PID=17455) to work on /workspaces/hands-on-introduction-data-engineering-4395021/airflow/dags/two_task_dags.py
[2023-05-18T09:39:42.508+0000] {processor.py:743} INFO - Processing file /workspaces/hands-on-introduction-data-engineering-4395021/airflow/dags/two_task_dags.py for tasks to queue
[2023-05-18T09:39:42.509+0000] {logging_mixin.py:137} INFO - [2023-05-18T09:39:42.509+0000] {dagbag.py:538} INFO - Filling up the DagBag from /workspaces/hands-on-introduction-data-engineering-4395021/airflow/dags/two_task_dags.py
[2023-05-18T09:39:42.525+0000] {processor.py:753} INFO - DAG(s) dict_keys(['two_task_dag']) retrieved from /workspaces/hands-on-introduction-data-engineering-4395021/airflow/dags/two_task_dags.py
[2023-05-18T09:39:42.543+0000] {logging_mixin.py:137} INFO - [2023-05-18T09:39:42.543+0000] {dag.py:2690} INFO - Sync 1 DAGs
[2023-05-18T09:39:42.567+0000] {logging_mixin.py:137} INFO - [2023-05-18T09:39:42.567+0000] {dag.py:3437} INFO - Setting next_dagrun for two_task_dag to None, run_after=None
[2023-05-18T09:39:42.610+0000] {processor.py:175} INFO - Processing /workspaces/hands-on-introduction-data-engineering-4395021/airflow/dags/two_task_dags.py took 0.107 seconds
[2023-05-18T09:40:12.881+0000] {processor.py:153} INFO - Started process (PID=17625) to work on /workspaces/hands-on-introduction-data-engineering-4395021/airflow/dags/two_task_dags.py
[2023-05-18T09:40:12.882+0000] {processor.py:743} INFO - Processing file /workspaces/hands-on-introduction-data-engineering-4395021/airflow/dags/two_task_dags.py for tasks to queue
[2023-05-18T09:40:12.883+0000] {logging_mixin.py:137} INFO - [2023-05-18T09:40:12.883+0000] {dagbag.py:538} INFO - Filling up the DagBag from /workspaces/hands-on-introduction-data-engineering-4395021/airflow/dags/two_task_dags.py
[2023-05-18T09:40:12.900+0000] {processor.py:753} INFO - DAG(s) dict_keys(['two_task_dag']) retrieved from /workspaces/hands-on-introduction-data-engineering-4395021/airflow/dags/two_task_dags.py
[2023-05-18T09:40:12.918+0000] {logging_mixin.py:137} INFO - [2023-05-18T09:40:12.918+0000] {dag.py:2690} INFO - Sync 1 DAGs
[2023-05-18T09:40:12.939+0000] {logging_mixin.py:137} INFO - [2023-05-18T09:40:12.939+0000] {dag.py:3437} INFO - Setting next_dagrun for two_task_dag to None, run_after=None
[2023-05-18T09:40:12.986+0000] {processor.py:175} INFO - Processing /workspaces/hands-on-introduction-data-engineering-4395021/airflow/dags/two_task_dags.py took 0.109 seconds
[2023-05-18T09:40:43.153+0000] {processor.py:153} INFO - Started process (PID=17881) to work on /workspaces/hands-on-introduction-data-engineering-4395021/airflow/dags/two_task_dags.py
[2023-05-18T09:40:43.154+0000] {processor.py:743} INFO - Processing file /workspaces/hands-on-introduction-data-engineering-4395021/airflow/dags/two_task_dags.py for tasks to queue
[2023-05-18T09:40:43.155+0000] {logging_mixin.py:137} INFO - [2023-05-18T09:40:43.155+0000] {dagbag.py:538} INFO - Filling up the DagBag from /workspaces/hands-on-introduction-data-engineering-4395021/airflow/dags/two_task_dags.py
[2023-05-18T09:40:43.171+0000] {processor.py:753} INFO - DAG(s) dict_keys(['two_task_dag']) retrieved from /workspaces/hands-on-introduction-data-engineering-4395021/airflow/dags/two_task_dags.py
[2023-05-18T09:40:43.190+0000] {logging_mixin.py:137} INFO - [2023-05-18T09:40:43.190+0000] {dag.py:2690} INFO - Sync 1 DAGs
[2023-05-18T09:40:43.209+0000] {logging_mixin.py:137} INFO - [2023-05-18T09:40:43.209+0000] {dag.py:3437} INFO - Setting next_dagrun for two_task_dag to None, run_after=None
[2023-05-18T09:40:43.251+0000] {processor.py:175} INFO - Processing /workspaces/hands-on-introduction-data-engineering-4395021/airflow/dags/two_task_dags.py took 0.102 seconds
[2023-05-18T09:41:13.454+0000] {processor.py:153} INFO - Started process (PID=18103) to work on /workspaces/hands-on-introduction-data-engineering-4395021/airflow/dags/two_task_dags.py
[2023-05-18T09:41:13.456+0000] {processor.py:743} INFO - Processing file /workspaces/hands-on-introduction-data-engineering-4395021/airflow/dags/two_task_dags.py for tasks to queue
[2023-05-18T09:41:13.457+0000] {logging_mixin.py:137} INFO - [2023-05-18T09:41:13.456+0000] {dagbag.py:538} INFO - Filling up the DagBag from /workspaces/hands-on-introduction-data-engineering-4395021/airflow/dags/two_task_dags.py
[2023-05-18T09:41:13.473+0000] {processor.py:753} INFO - DAG(s) dict_keys(['two_task_dag']) retrieved from /workspaces/hands-on-introduction-data-engineering-4395021/airflow/dags/two_task_dags.py
[2023-05-18T09:41:13.492+0000] {logging_mixin.py:137} INFO - [2023-05-18T09:41:13.492+0000] {dag.py:2690} INFO - Sync 1 DAGs
[2023-05-18T09:41:13.511+0000] {logging_mixin.py:137} INFO - [2023-05-18T09:41:13.511+0000] {dag.py:3437} INFO - Setting next_dagrun for two_task_dag to None, run_after=None
[2023-05-18T09:41:13.554+0000] {processor.py:175} INFO - Processing /workspaces/hands-on-introduction-data-engineering-4395021/airflow/dags/two_task_dags.py took 0.103 seconds
