2023-05-18 09:13:46,292 INFO - Starting the scheduler
2023-05-18 09:13:46,293 INFO - Processing each file at most -1 times
2023-05-18 09:13:46,296 INFO - Loaded executor: SequentialExecutor
2023-05-18 09:13:46,302 INFO - Launched DagFileProcessorManager with pid: 7183
2023-05-18 09:13:46,304 INFO - Resetting orphaned tasks for active dag runs
2023-05-18 09:13:46,314 INFO - Configured default timezone Timezone('UTC')
2023-05-18 09:18:46,622 INFO - Resetting orphaned tasks for active dag runs
2023-05-18 09:23:47,554 INFO - Resetting orphaned tasks for active dag runs
2023-05-18 09:26:16,157 INFO - 1 tasks up for execution:
	<TaskInstance: two_task_dag.bash_task_0 manual__2023-05-18T09:26:14.419522+00:00 [scheduled]>
2023-05-18 09:26:16,157 INFO - DAG two_task_dag has 0/16 running and queued tasks
2023-05-18 09:26:16,158 INFO - Setting the following tasks to queued state:
	<TaskInstance: two_task_dag.bash_task_0 manual__2023-05-18T09:26:14.419522+00:00 [scheduled]>
2023-05-18 09:26:16,176 INFO - Sending TaskInstanceKey(dag_id='two_task_dag', task_id='bash_task_0', run_id='manual__2023-05-18T09:26:14.419522+00:00', try_number=1, map_index=-1) to executor with priority 2 and queue default
2023-05-18 09:26:16,179 INFO - Adding to queue: ['airflow', 'tasks', 'run', 'two_task_dag', 'bash_task_0', 'manual__2023-05-18T09:26:14.419522+00:00', '--local', '--subdir', 'DAGS_FOLDER/two_task_dags.py']
2023-05-18 09:26:16,215 INFO - Executing command: ['airflow', 'tasks', 'run', 'two_task_dag', 'bash_task_0', 'manual__2023-05-18T09:26:14.419522+00:00', '--local', '--subdir', 'DAGS_FOLDER/two_task_dags.py']
2023-05-18 09:26:23,040 INFO - Executor reports execution of two_task_dag.bash_task_0 run_id=manual__2023-05-18T09:26:14.419522+00:00 exited with status success for try_number 1
2023-05-18 09:26:23,048 INFO - TaskInstance Finished: dag_id=two_task_dag, task_id=bash_task_0, run_id=manual__2023-05-18T09:26:14.419522+00:00, map_index=-1, run_start_date=2023-05-18 09:26:22.188620+00:00, run_end_date=2023-05-18 09:26:22.503113+00:00, run_duration=0.314493, state=success, executor_state=success, try_number=1, max_tries=0, job_id=2, pool=default_pool, queue=default, priority_weight=2, operator=BashOperator, queued_dttm=2023-05-18 09:26:16.158940+00:00, queued_by_job_id=1, pid=13699
2023-05-18 09:26:23,376 INFO - 1 tasks up for execution:
	<TaskInstance: two_task_dag.bash_task_1 manual__2023-05-18T09:26:14.419522+00:00 [scheduled]>
2023-05-18 09:26:23,377 INFO - DAG two_task_dag has 0/16 running and queued tasks
2023-05-18 09:26:23,377 INFO - Setting the following tasks to queued state:
	<TaskInstance: two_task_dag.bash_task_1 manual__2023-05-18T09:26:14.419522+00:00 [scheduled]>
2023-05-18 09:26:23,381 INFO - Sending TaskInstanceKey(dag_id='two_task_dag', task_id='bash_task_1', run_id='manual__2023-05-18T09:26:14.419522+00:00', try_number=1, map_index=-1) to executor with priority 1 and queue default
2023-05-18 09:26:23,382 INFO - Adding to queue: ['airflow', 'tasks', 'run', 'two_task_dag', 'bash_task_1', 'manual__2023-05-18T09:26:14.419522+00:00', '--local', '--subdir', 'DAGS_FOLDER/two_task_dags.py']
2023-05-18 09:26:23,411 INFO - Executing command: ['airflow', 'tasks', 'run', 'two_task_dag', 'bash_task_1', 'manual__2023-05-18T09:26:14.419522+00:00', '--local', '--subdir', 'DAGS_FOLDER/two_task_dags.py']
2023-05-18 09:26:30,854 INFO - Executor reports execution of two_task_dag.bash_task_1 run_id=manual__2023-05-18T09:26:14.419522+00:00 exited with status success for try_number 1
2023-05-18 09:26:30,858 INFO - TaskInstance Finished: dag_id=two_task_dag, task_id=bash_task_1, run_id=manual__2023-05-18T09:26:14.419522+00:00, map_index=-1, run_start_date=2023-05-18 09:26:25.075829+00:00, run_end_date=2023-05-18 09:26:30.368155+00:00, run_duration=5.292326, state=success, executor_state=success, try_number=1, max_tries=0, job_id=3, pool=default_pool, queue=default, priority_weight=1, operator=BashOperator, queued_dttm=2023-05-18 09:26:23.378276+00:00, queued_by_job_id=1, pid=13710
2023-05-18 09:26:31,137 INFO - Marking run <DagRun two_task_dag @ 2023-05-18 09:26:14.419522+00:00: manual__2023-05-18T09:26:14.419522+00:00, state:running, queued_at: 2023-05-18 09:26:14.472212+00:00. externally triggered: True> successful
2023-05-18 09:26:31,138 INFO - DagRun Finished: dag_id=two_task_dag, execution_date=2023-05-18 09:26:14.419522+00:00, run_id=manual__2023-05-18T09:26:14.419522+00:00, run_start_date=2023-05-18 09:26:15.780618+00:00, run_end_date=2023-05-18 09:26:31.138352+00:00, run_duration=15.357734, state=success, external_trigger=True, run_type=manual, data_interval_start=2023-05-18 09:26:14.419522+00:00, data_interval_end=2023-05-18 09:26:14.419522+00:00, dag_hash=2fb55b78a5ae11d71a3de505aef8bdb0
2023-05-18 09:26:31,145 INFO - Setting next_dagrun for two_task_dag to None, run_after=None
2023-05-18 09:28:47,591 INFO - Resetting orphaned tasks for active dag runs
2023-05-18 09:33:47,640 INFO - Resetting orphaned tasks for active dag runs
2023-05-18 09:38:47,689 INFO - Resetting orphaned tasks for active dag runs
2023-05-18 09:43:47,736 INFO - Resetting orphaned tasks for active dag runs
