[2023-05-18T09:26:22.167+0000] {taskinstance.py:1083} INFO - Dependencies all met for <TaskInstance: two_task_dag.bash_task_0 manual__2023-05-18T09:26:14.419522+00:00 [queued]>
[2023-05-18T09:26:22.198+0000] {taskinstance.py:1083} INFO - Dependencies all met for <TaskInstance: two_task_dag.bash_task_0 manual__2023-05-18T09:26:14.419522+00:00 [queued]>
[2023-05-18T09:26:22.198+0000] {taskinstance.py:1279} INFO - 
--------------------------------------------------------------------------------
[2023-05-18T09:26:22.199+0000] {taskinstance.py:1280} INFO - Starting attempt 1 of 1
[2023-05-18T09:26:22.199+0000] {taskinstance.py:1281} INFO - 
--------------------------------------------------------------------------------
[2023-05-18T09:26:22.241+0000] {taskinstance.py:1300} INFO - Executing <Task(BashOperator): bash_task_0> on 2023-05-18 09:26:14.419522+00:00
[2023-05-18T09:26:22.244+0000] {standard_task_runner.py:55} INFO - Started process 13699 to run task
[2023-05-18T09:26:22.249+0000] {standard_task_runner.py:82} INFO - Running: ['airflow', 'tasks', 'run', 'two_task_dag', 'bash_task_0', 'manual__2023-05-18T09:26:14.419522+00:00', '--job-id', '2', '--raw', '--subdir', 'DAGS_FOLDER/two_task_dags.py', '--cfg-path', '/tmp/tmpzgcdwzyf']
[2023-05-18T09:26:22.251+0000] {standard_task_runner.py:83} INFO - Job 2: Subtask bash_task_0
[2023-05-18T09:26:22.321+0000] {task_command.py:388} INFO - Running <TaskInstance: two_task_dag.bash_task_0 manual__2023-05-18T09:26:14.419522+00:00 [running]> on host codespaces-728817
[2023-05-18T09:26:22.448+0000] {taskinstance.py:1507} INFO - Exporting the following env vars:
AIRFLOW_CTX_DAG_OWNER=Pavan
AIRFLOW_CTX_DAG_ID=two_task_dag
AIRFLOW_CTX_TASK_ID=bash_task_0
AIRFLOW_CTX_EXECUTION_DATE=2023-05-18T09:26:14.419522+00:00
AIRFLOW_CTX_TRY_NUMBER=1
AIRFLOW_CTX_DAG_RUN_ID=manual__2023-05-18T09:26:14.419522+00:00
[2023-05-18T09:26:22.450+0000] {subprocess.py:63} INFO - Tmp dir root location: 
 /tmp
[2023-05-18T09:26:22.451+0000] {subprocess.py:75} INFO - Running command: ['/usr/bin/bash', '-c', 'echo "First Airflow task!"']
[2023-05-18T09:26:22.459+0000] {subprocess.py:86} INFO - Output:
[2023-05-18T09:26:22.460+0000] {subprocess.py:93} INFO - First Airflow task!
[2023-05-18T09:26:22.460+0000] {subprocess.py:97} INFO - Command exited with return code 0
[2023-05-18T09:26:22.503+0000] {taskinstance.py:1318} INFO - Marking task as SUCCESS. dag_id=two_task_dag, task_id=bash_task_0, execution_date=20230518T092614, start_date=20230518T092622, end_date=20230518T092622
[2023-05-18T09:26:22.582+0000] {local_task_job.py:208} INFO - Task exited with return code 0
[2023-05-18T09:26:22.598+0000] {taskinstance.py:2578} INFO - 1 downstream tasks scheduled from follow-on schedule check
